# JRE version: Java(TM) SE Runtime Environment (22.0.2+9) (build 22.0.2+9-70)
# Java VM: Java HotSpot(TM) 64-Bit Server VM (22.0.2+9-70, mixed mode, sharing, tiered, compressed oops, compressed class ptrs, g1 gc, windows-amd64)
GC Precious Log:
 CardTable entry size: 512
 Card Set container configuration: InlinePtr #cards 5 size 8 Array Of Cards #cards 12 size 40 Howl #buckets 4 coarsen threshold 1843 Howl Bitmap #cards 512 size 80 coarsen threshold 460 Card regions per heap region 1 cards per card region 2048
 CPUs: 20 total, 20 available
 Memory: 32315M
 Large Page Support: Disabled
 NUMA Support: Disabled
 Compressed Oops: Enabled (32-bit)
 Heap Region Size: 1M
 Heap Min Capacity: 8M
 Heap Initial Capacity: 506M
 Heap Max Capacity: 1G
 Pre-touch: Disabled
 Parallel Workers: 15
 Concurrent Workers: 4
 Concurrent Refinement Workers: 15
 Periodic GC: Disabled
Heap:
 garbage-first heap   total reserved 1048576K, committed 24576K, used 5947K [0x00000000c0000000, 0x0000000100000000)
  region size 1024K, 1 young (1024K), 0 survivors (0K)
 Metaspace       used 3702K, committed 3968K, reserved 1114112K
  class space    used 399K, committed 512K, reserved 1048576K
GC Heap History (10 events):
Event: 0.141 GC heap before
{Heap before GC invocations=0 (full 0):
 garbage-first heap   total reserved 1048576K, committed 518144K, used 9216K [0x00000000c0000000, 0x0000000100000000)
  region size 1024K, 10 young (10240K), 0 survivors (0K)
 Metaspace       used 2836K, committed 3072K, reserved 1114112K
  class space    used 318K, committed 448K, reserved 1048576K
}
Event: 0.145 GC heap after
{Heap after GC invocations=1 (full 1):
 garbage-first heap   total reserved 1048576K, committed 34816K, used 1872K [0x00000000c0000000, 0x0000000100000000)
  region size 1024K, 0 young (0K), 0 survivors (0K)
 Metaspace       used 2836K, committed 3072K, reserved 1114112K
  class space    used 318K, committed 448K, reserved 1048576K
}
Event: 0.304 GC heap before
{Heap before GC invocations=1 (full 1):
 garbage-first heap   total reserved 1048576K, committed 34816K, used 14160K [0x00000000c0000000, 0x0000000100000000)
  region size 1024K, 12 young (12288K), 0 survivors (0K)
 Metaspace       used 3494K, committed 3712K, reserved 1114112K
  class space    used 373K, committed 512K, reserved 1048576K
}
Event: 0.305 GC heap after
{Heap after GC invocations=2 (full 1):
 garbage-first heap   total reserved 1048576K, committed 34816K, used 3216K [0x00000000c0000000, 0x0000000100000000)
  region size 1024K, 2 young (2048K), 2 survivors (2048K)
 Metaspace       used 3494K, committed 3712K, reserved 1114112K
  class space    used 373K, committed 512K, reserved 1048576K
}
Event: 0.317 GC heap before
{Heap before GC invocations=2 (full 1):
 garbage-first heap   total reserved 1048576K, committed 34816K, used 16528K [0x00000000c0000000, 0x0000000100000000)
  region size 1024K, 15 young (15360K), 2 survivors (2048K)
 Metaspace       used 3514K, committed 3776K, reserved 1114112K
  class space    used 373K, committed 512K, reserved 1048576K
}
Event: 0.318 GC heap after
{Heap after GC invocations=3 (full 1):
 garbage-first heap   total reserved 1048576K, committed 34816K, used 4445K [0x00000000c0000000, 0x0000000100000000)
  region size 1024K, 2 young (2048K), 2 survivors (2048K)
 Metaspace       used 3514K, committed 3776K, reserved 1114112K
  class space    used 373K, committed 512K, reserved 1048576K
}
Event: 0.332 GC heap before
{Heap before GC invocations=3 (full 1):
 garbage-first heap   total reserved 1048576K, committed 34816K, used 18781K [0x00000000c0000000, 0x0000000100000000)
  region size 1024K, 16 young (16384K), 2 survivors (2048K)
 Metaspace       used 3555K, committed 3776K, reserved 1114112K
  class space    used 373K, committed 512K, reserved 1048576K
}
Event: 0.334 GC heap after
{Heap after GC invocations=4 (full 1):
 garbage-first heap   total reserved 1048576K, committed 34816K, used 5853K [0x00000000c0000000, 0x0000000100000000)
  region size 1024K, 2 young (2048K), 2 survivors (2048K)
 Metaspace       used 3555K, committed 3776K, reserved 1114112K
  class space    used 373K, committed 512K, reserved 1048576K
}
Event: 0.454 GC heap before
{Heap before GC invocations=4 (full 1):
 garbage-first heap   total reserved 1048576K, committed 34816K, used 8925K [0x00000000c0000000, 0x0000000100000000)
  region size 1024K, 6 young (6144K), 2 survivors (2048K)
 Metaspace       used 3608K, committed 3904K, reserved 1114112K
  class space    used 383K, committed 512K, reserved 1048576K
}
Event: 0.460 GC heap after
{Heap after GC invocations=5 (full 2):
 garbage-first heap   total reserved 1048576K, committed 24576K, used 5947K [0x00000000c0000000, 0x0000000100000000)
  region size 1024K, 0 young (0K), 0 survivors (0K)
 Metaspace       used 3608K, committed 3904K, reserved 1114112K
  class space    used 383K, committed 512K, reserved 1048576K
}

